110 Hopper Path: (1,8),(1,6),(1,4),(1,2),(1,0),(0,0) Eaten by 119
131 Hopper Path: (2,2),(5,2),(8,2),(9,2),(9,0),(6,0),(3,0)
101 Hopper Path: (0,0),(4,0),(8,0) Eaten by 124
119 Crawler Path: (1,4),(0,4),(0,3),(0,2),(0,1),(0,0),(0,1)
144 Crawler Path: (6,1),(5,1),(4,1),(3,1),(2,1),(1,1),(0,1) Eaten by 119
130 Crawler Path: (9,4),(9,3),(9,2),(9,1) Eaten by 124
139 Hopper Path: (4,5),(1,5),(0,5),(0,2) Eaten by 119
112 Hopper Path: (0,2),(2,2),(4,2),(6,2),(8,2) Eaten by 124
115 Bishop Path: (8,3),(4,7),(2,9),(0,7),(2,9),(6,5),(9,2)
104 Hopper Path: (8,2),(9,2) Eaten by 116
138 Crawler Path: (5,4),(4,4),(3,4),(2,4),(1,4),(0,4),(0,3)
133 Hopper Path: (1,3),(1,0),(1,3) Eaten by 113
106 Crawler Path: (9,9),(9,8),(9,7),(9,6),(9,5),(9,4),(9,3)
137 Hopper Path: (9,5),(9,3) Eaten by 130
134 Crawler Path: (5,3),(4,3),(3,3),(2,3),(1,3),(0,3),(0,4)
108 Hopper Path: (6,0),(2,0),(0,0),(0,4) Eaten by 103
145 Hopper Path: (2,0),(0,0),(0,4) Eaten by 120
159 Hopper Path: (0,8),(0,4) Eaten by 119
118 Hopper Path: (7,4),(9,4),(5,4),(1,4) Eaten by 113
128 Crawler Path: (8,4),(7,4),(6,4),(5,4),(4,4),(3,4),(2,4)
124 Bishop Path: (6,2),(7,1),(8,0),(9,1),(8,2),(7,3),(6,4)
153 Hopper Path: (8,7),(8,5),(8,3),(8,1),(8,0),(8,2),(8,4)
122 Crawler Path: (5,6),(4,6),(3,6),(2,6),(1,6),(0,6),(0,5)
125 Hopper Path: (0,9),(0,7),(0,5) Eaten by 139
113 Crawler Path: (1,1),(1,2),(1,3),(1,4),(1,5) Eaten by 102
136 Crawler Path: (1,5),(2,5),(3,5) Eaten by 102
141 Hopper Path: (3,2),(3,5) Eaten by 109
109 Crawler Path: (2,5),(3,5),(4,5),(5,5),(6,5),(7,5),(8,5)
102 Crawler Path: (5,5),(4,5),(3,5),(2,5),(1,5),(0,5),(0,6)
107 Bishop Path: (3,6),(9,0),(3,6) Eaten by 122
114 Hopper Path: (3,3),(3,6) Eaten by 121
157 Hopper Path: (4,6),(0,6),(4,6) Eaten by 121
149 Hopper Path: (6,6),(9,6),(6,6),(3,6),(0,6),(3,6),(6,6)
121 Crawler Path: (2,6),(3,6),(4,6),(5,6),(6,6),(7,6),(8,6)
142 Crawler Path: (9,6),(9,7),(9,8),(9,9),(9,8),(9,7),(9,6)
116 Hopper Path: (9,0),(9,2),(9,4),(9,6) Eaten by 106
151 Hopper Path: (1,6),(1,8),(1,9),(0,9),(0,7) Eaten by 146
146 Crawler Path: (4,7),(3,7),(2,7),(1,7),(0,7),(1,7),(2,7)
111 Crawler Path: (9,7),(8,7),(7,7),(6,7),(5,7),(4,7),(3,7)
129 Hopper Path: (5,7),(3,7) Eaten by 146
143 Hopper Path: (0,7),(2,7),(4,7),(6,7) Eaten by 111
126 Crawler Path: (7,5),(7,6),(7,7) Eaten by 111
105 Crawler Path: (7,8),(7,7) Eaten by 156
152 Crawler Path: (9,8),(8,8),(7,8) Eaten by 156
140 Crawler Path: (7,9),(7,8) Eaten by 148
154 Crawler Path: (2,8),(3,8),(4,8),(5,8),(6,8),(7,8),(8,8)
127 Hopper Path: (3,0),(7,0),(9,0),(9,4),(9,8) Eaten by 142
148 Crawler Path: (7,7),(7,8),(7,9),(6,9),(5,9),(4,9),(3,9)
156 Crawler Path: (7,6),(7,7),(7,8),(7,9),(6,9),(5,9),(4,9)
103 Bishop Path: (3,7),(5,9),(2,6),(0,4),(3,7),(5,9) Eaten by 156
120 Bishop Path: (4,0),(1,3),(0,4),(3,7),(5,9) Eaten by 148
147 Hopper Path: (8,9),(9,9),(5,9) Eaten by 132
155 Hopper Path: (3,1),(3,4),(3,7),(3,9),(6,9) Eaten by 156
132 Crawler Path: (3,9),(4,9),(5,9),(6,9) Eaten by 148
117 Crawler Path: (4,8),(5,8),(6,8),(7,8),(8,8),(9,8),(9,9)
