101 Hopper Path: (4,0),(8,0)
102 Crawler Path: (4,5),(3,5)
103 Crawler Path: (3,8),(3,9)
104 Hopper Path: (9,2),(9,5)
105 Crawler Path: (7,7),(7,6)
106 Crawler Path: (8,9),(7,9)
107 Hopper Path: (3,9),(3,6)
108 Hopper Path: (2,0),(0,0)
109 Crawler Path: (3,5),(4,5)
110 Hopper Path: (1,6),(1,4)
111 Crawler Path: (8,7),(7,7)
112 Hopper Path: (2,2),(4,2)
113 Crawler Path: (1,2),(1,3)
114 Hopper Path: (3,6),(3,9)
115 Crawler Path: (7,3),(6,3)
116 Hopper Path: (9,2),(9,4)
117 Crawler Path: (5,8),(6,8)
118 Hopper Path: (9,4),(5,4)
119 Crawler Path: (0,4),(1,4)
120 Hopper Path: (6,0),(8,0)
121 Crawler Path: (3,6),(4,6)
122 Crawler Path: (4,6),(3,6)
123 Hopper Path: (7,9),(4,9)
124 Crawler Path: (7,2),(8,2)
125 Hopper Path: (0,7),(0,5)
126 Crawler Path: (7,6),(7,7)
127 Hopper Path: (3,4),(3,8)
128 Crawler Path: (7,4),(6,4)
129 Hopper Path: (3,7),(1,7)
130 Crawler Path: (9,3),(9,2)
131 Hopper Path: (5,2),(8,2)
132 Crawler Path: (3,8),(3,7)
133 Hopper Path: (1,0),(0,0)
134 Crawler Path: (4,3),(3,3)
135 Hopper Path: (4,0),(8,0)
136 Crawler Path: (2,5),(3,5)
137 Hopper Path: (9,3),(9,1)
138 Crawler Path: (4,4),(3,4)
139 Hopper Path: (1,5),(0,5)
140 Crawler Path: (7,8),(7,7)
141 Hopper Path: (3,5),(3,8)
142 Crawler Path: (9,7),(9,8)
143 Hopper Path: (2,7),(4,7)
144 Crawler Path: (5,1),(4,1)
145 Hopper Path: (0,0),(0,4)
146 Crawler Path: (3,7),(2,7)
147 Hopper Path: (9,9),(5,9)
148 Crawler Path: (7,8),(7,9)
149 Hopper Path: (9,6),(9,3)
150 Crawler Path: (3,4),(3,5)
151 Hopper Path: (1,8),(1,9)
152 Crawler Path: (8,8),(7,8)
153 Hopper Path: (8,5),(8,3)
154 Crawler Path: (3,8),(4,8)
155 Hopper Path: (3,4),(3,7)
156 Crawler Path: (7,7),(7,8)
157 Hopper Path: (0,6),(0,2)
158 Crawler Path: (2,3),(2,4)
159 Hopper Path: (0,4),(0,0)
